<?xml version="1.0" encoding="UTF-8"?>
<testng-results ignored="0" total="4" passed="4" failed="0" skipped="0">
  <reporter-output>
  </reporter-output>
  <suite started-at="2023-03-31T07:58:04Z" name="Default suite" finished-at="2023-03-31T07:59:00Z" duration-ms="55880">
    <groups>
    </groups>
    <test started-at="2023-03-31T07:58:04Z" name="Default test" finished-at="2023-03-31T07:59:00Z" duration-ms="55880">
      <class name="org.testng.fbLginTestNG">
        <test-method signature="tc1(java.lang.String, java.lang.String)[pri:0, instance:org.testng.fbLginTestNG@196a42c3]" started-at="2023-03-31T07:58:04Z" name="tc1" data-provider="data" finished-at="2023-03-31T07:58:51Z" duration-ms="46901" status="PASS">
          <params>
            <param index="0">
              <value>
                <![CDATA[a@gmail.com]]>
              </value>
            </param>
            <param index="1">
              <value>
                <![CDATA[7845]]>
              </value>
            </param>
          </params>
          <reporter-output>
          </reporter-output>
        </test-method> <!-- tc1 -->
        <test-method signature="tc1(java.lang.String, java.lang.String)[pri:0, instance:org.testng.fbLginTestNG@196a42c3]" started-at="2023-03-31T07:58:51Z" name="tc1" data-provider="data" finished-at="2023-03-31T07:58:53Z" duration-ms="2474" status="PASS">
          <params>
            <param index="0">
              <value>
                <![CDATA[b@gmail.com]]>
              </value>
            </param>
            <param index="1">
              <value>
                <![CDATA[9685]]>
              </value>
            </param>
          </params>
          <reporter-output>
          </reporter-output>
        </test-method> <!-- tc1 -->
        <test-method signature="tc1(java.lang.String, java.lang.String)[pri:0, instance:org.testng.fbLginTestNG@196a42c3]" started-at="2023-03-31T07:58:53Z" name="tc1" data-provider="data" finished-at="2023-03-31T07:58:56Z" duration-ms="3136" status="PASS">
          <params>
            <param index="0">
              <value>
                <![CDATA[c@gmail.com]]>
              </value>
            </param>
            <param index="1">
              <value>
                <![CDATA[1245]]>
              </value>
            </param>
          </params>
          <reporter-output>
          </reporter-output>
        </test-method> <!-- tc1 -->
        <test-method signature="tc1(java.lang.String, java.lang.String)[pri:0, instance:org.testng.fbLginTestNG@196a42c3]" started-at="2023-03-31T07:58:56Z" name="tc1" data-provider="data" finished-at="2023-03-31T07:59:00Z" duration-ms="3338" status="PASS">
          <params>
            <param index="0">
              <value>
                <![CDATA[d@gmail.com]]>
              </value>
            </param>
            <param index="1">
              <value>
                <![CDATA[3216]]>
              </value>
            </param>
          </params>
          <reporter-output>
          </reporter-output>
        </test-method> <!-- tc1 -->
      </class> <!-- org.testng.fbLginTestNG -->
    </test> <!-- Default test -->
  </suite> <!-- Default suite -->
</testng-results>
