<?xml version="1.0" encoding="UTF-8"?>
<testng-results ignored="0" total="1" passed="1" failed="0" skipped="0">
  <reporter-output>
  </reporter-output>
  <suite started-at="2023-03-30T11:41:40Z" name="Suite" finished-at="2023-03-30T11:41:43Z" duration-ms="3273">
    <groups>
    </groups>
    <test started-at="2023-03-30T11:41:40Z" name="Test" finished-at="2023-03-30T11:41:43Z" duration-ms="3273">
      <class name="org.testng.fbLginTestNG">
        <test-method signature="tc1(java.lang.String, java.lang.String)[pri:0, instance:org.testng.fbLginTestNG@79e4c792]" started-at="2023-03-30T11:41:40Z" name="tc1" finished-at="2023-03-30T11:41:43Z" duration-ms="3255" status="PASS">
          <params>
            <param index="0">
              <value>
                <![CDATA[asdileep]]>
              </value>
            </param>
            <param index="1">
              <value>
                <![CDATA[priya]]>
              </value>
            </param>
          </params>
          <reporter-output>
          </reporter-output>
        </test-method> <!-- tc1 -->
      </class> <!-- org.testng.fbLginTestNG -->
    </test> <!-- Test -->
  </suite> <!-- Suite -->
</testng-results>
