<?xml version="1.0" encoding="UTF-8"?>
<!-- Generated by org.testng.reporters.JUnitXMLReporter -->
<testsuite ignored="1" hostname="DileepriyaPC" failures="0" tests="13" name="Test" time="73.843" errors="0" timestamp="31 Mar 2023 04:58:37 GMT">
  <testcase classname="org.ClassParallel.PriorityTestNg" name="tc7" time="0.006"/>
  <testcase classname="org.ClassParallel.PriorityTestNg" name="tc5" time="0.001"/>
  <testcase classname="org.ClassParallel.PriorityTestNg" name="tc1" time="0.001"/>
  <testcase classname="org.ClassParallel.A" name="tc11" time="0.002"/>
  <testcase classname="org.ClassParallel.A" name="tc22" time="0.002"/>
  <testcase classname="org.ClassParallel.A" name="tc33" time="0.004"/>
  <testcase classname="org.ClassParallel.ProjectTestNG" name="tc1" time="5.075"/>
  <testcase classname="org.ClassParallel.ProjectTestNG" name="tc1" time="2.591"/>
  <testcase classname="org.ClassParallel.ProjectTestNG" name="tc1" time="2.502"/>
  <testcase classname="org.ClassParallel.ProjectTestNG" name="tc1" time="1.953"/>
  <testcase classname="org.ClassParallel.ProjectTestNG" name="tc3" time="5.869"/>
  <testcase classname="org.ClassParallel.ProjectTestNG" name="tc5" time="5.094"/>
  <testcase classname="org.ClassParallel.PriorityTestNg" name="tc2" time="0.0"/>
  <testcase classname="org.ClassParallel.ProjectTestNG" name="tc2" time="0.0">
    <ignored/>
  </testcase> <!-- tc2 -->
</testsuite> <!-- Test -->
