<?xml version="1.0" encoding="UTF-8"?>
<!-- Generated by org.testng.reporters.JUnitXMLReporter -->
<testsuite ignored="1" hostname="DileepriyaPC" failures="0" tests="13" name="Test" time="63.047" errors="0" timestamp="30 Mar 2023 11:29:08 GMT">
  <testcase classname="org.testng.PriorityTestNg" name="tc7" time="0.008"/>
  <testcase classname="org.testng.PriorityTestNg" name="tc5" time="0.001"/>
  <testcase classname="org.testng.ProjectTestNG" name="tc3" time="3.894"/>
  <testcase classname="org.testng.ProjectTestNG" name="tc1" time="2.864"/>
  <testcase classname="org.testng.ProjectTestNG" name="tc1" time="1.917"/>
  <testcase classname="org.testng.ProjectTestNG" name="tc1" time="1.938"/>
  <testcase classname="org.testng.ProjectTestNG" name="tc1" time="1.196"/>
  <testcase classname="org.testng.ProjectTestNG" name="tc5" time="2.937"/>
  <testcase classname="org.testng.PriorityTestNg" name="tc1" time="0.001"/>
  <testcase classname="org.testng.A" name="tc11" time="0.001"/>
  <testcase classname="org.testng.A" name="tc22" time="0.001"/>
  <testcase classname="org.testng.A" name="tc33" time="0.001"/>
  <testcase classname="org.testng.PriorityTestNg" name="tc2" time="0.001"/>
  <testcase classname="org.testng.ProjectTestNG" name="tc2" time="0.0">
    <ignored/>
  </testcase> <!-- tc2 -->
</testsuite> <!-- Test -->
