<?xml version="1.0" encoding="UTF-8"?>
<!-- Generated by org.testng.reporters.JUnitXMLReporter -->
<testsuite ignored="0" hostname="DileepriyaPC" failures="0" tests="4" name="Default test" time="55.88" errors="0" timestamp="31 Mar 2023 07:59:00 GMT">
  <testcase classname="org.testng.fbLginTestNG" name="tc1" time="46.901"/>
  <testcase classname="org.testng.fbLginTestNG" name="tc1" time="2.474"/>
  <testcase classname="org.testng.fbLginTestNG" name="tc1" time="3.136"/>
  <testcase classname="org.testng.fbLginTestNG" name="tc1" time="3.338"/>
</testsuite> <!-- Default test -->
