<?xml version="1.0" encoding="UTF-8"?>
<testng-results ignored="1" total="14" passed="13" failed="0" skipped="0">
  <reporter-output>
  </reporter-output>
  <suite started-at="2023-03-31T04:57:24Z" name="Suite" finished-at="2023-03-31T04:58:37Z" duration-ms="73843">
    <groups>
    </groups>
    <test started-at="2023-03-31T04:57:24Z" name="Test" finished-at="2023-03-31T04:58:37Z" duration-ms="73843">
      <class name="org.ClassParallel.PriorityTestNg">
        <test-method signature="tc7()[pri:-22, instance:org.ClassParallel.PriorityTestNg@48075da3]" started-at="2023-03-31T04:57:24Z" name="tc7" finished-at="2023-03-31T04:57:24Z" duration-ms="6" status="PASS">
          <reporter-output>
          </reporter-output>
        </test-method> <!-- tc7 -->
        <test-method signature="tc5()[pri:-2, instance:org.ClassParallel.PriorityTestNg@48075da3]" started-at="2023-03-31T04:57:24Z" name="tc5" finished-at="2023-03-31T04:57:24Z" duration-ms="1" status="PASS">
          <reporter-output>
          </reporter-output>
        </test-method> <!-- tc5 -->
        <test-method signature="tc1()[pri:0, instance:org.ClassParallel.PriorityTestNg@48075da3]" started-at="2023-03-31T04:57:24Z" name="tc1" finished-at="2023-03-31T04:57:24Z" duration-ms="1" status="PASS">
          <reporter-output>
          </reporter-output>
        </test-method> <!-- tc1 -->
        <test-method signature="tc2()[pri:5, instance:org.ClassParallel.PriorityTestNg@48075da3]" started-at="2023-03-31T04:58:37Z" name="tc2" finished-at="2023-03-31T04:58:37Z" duration-ms="0" status="PASS">
          <reporter-output>
          </reporter-output>
        </test-method> <!-- tc2 -->
      </class> <!-- org.ClassParallel.PriorityTestNg -->
      <class name="org.ClassParallel.A">
        <test-method signature="tc11()[pri:0, instance:org.ClassParallel.A@7a35b0f5]" started-at="2023-03-31T04:57:24Z" name="tc11" finished-at="2023-03-31T04:57:24Z" duration-ms="2" status="PASS">
          <reporter-output>
          </reporter-output>
        </test-method> <!-- tc11 -->
        <test-method signature="tc22()[pri:0, instance:org.ClassParallel.A@7a35b0f5]" started-at="2023-03-31T04:57:24Z" name="tc22" finished-at="2023-03-31T04:57:24Z" duration-ms="2" status="PASS">
          <reporter-output>
          </reporter-output>
        </test-method> <!-- tc22 -->
        <test-method signature="tc33()[pri:0, instance:org.ClassParallel.A@7a35b0f5]" started-at="2023-03-31T04:57:24Z" name="tc33" finished-at="2023-03-31T04:57:24Z" duration-ms="4" status="PASS">
          <reporter-output>
          </reporter-output>
        </test-method> <!-- tc33 -->
      </class> <!-- org.ClassParallel.A -->
      <class name="org.ClassParallel.ProjectTestNG">
        <test-method is-config="true" signature="LaunchBrowser()[pri:0, instance:org.ClassParallel.ProjectTestNG@68c9133c]" started-at="2023-03-31T04:57:24Z" name="LaunchBrowser" finished-at="2023-03-31T04:58:14Z" duration-ms="50105" status="PASS">
          <reporter-output>
          </reporter-output>
        </test-method> <!-- LaunchBrowser -->
        <test-method is-config="true" signature="StartDate()[pri:0, instance:org.ClassParallel.ProjectTestNG@68c9133c]" started-at="2023-03-31T04:58:14Z" name="StartDate" finished-at="2023-03-31T04:58:14Z" duration-ms="0" status="PASS">
          <reporter-output>
          </reporter-output>
        </test-method> <!-- StartDate -->
        <test-method signature="tc1()[pri:0, instance:org.ClassParallel.ProjectTestNG@68c9133c]" started-at="2023-03-31T04:58:14Z" name="tc1" finished-at="2023-03-31T04:58:19Z" duration-ms="5075" status="PASS">
          <reporter-output>
          </reporter-output>
        </test-method> <!-- tc1 -->
        <test-method is-config="true" signature="EndDate()[pri:0, instance:org.ClassParallel.ProjectTestNG@68c9133c]" started-at="2023-03-31T04:58:19Z" name="EndDate" finished-at="2023-03-31T04:58:19Z" duration-ms="0" status="PASS">
          <reporter-output>
          </reporter-output>
        </test-method> <!-- EndDate -->
        <test-method is-config="true" signature="StartDate()[pri:0, instance:org.ClassParallel.ProjectTestNG@68c9133c]" started-at="2023-03-31T04:58:19Z" name="StartDate" finished-at="2023-03-31T04:58:19Z" duration-ms="0" status="PASS">
          <reporter-output>
          </reporter-output>
        </test-method> <!-- StartDate -->
        <test-method signature="tc1()[pri:0, instance:org.ClassParallel.ProjectTestNG@68c9133c]" started-at="2023-03-31T04:58:19Z" name="tc1" finished-at="2023-03-31T04:58:21Z" duration-ms="2591" status="PASS">
          <reporter-output>
          </reporter-output>
        </test-method> <!-- tc1 -->
        <test-method signature="tc1()[pri:0, instance:org.ClassParallel.ProjectTestNG@68c9133c]" started-at="2023-03-31T04:58:21Z" name="tc1" finished-at="2023-03-31T04:58:24Z" duration-ms="2502" status="PASS">
          <reporter-output>
          </reporter-output>
        </test-method> <!-- tc1 -->
        <test-method is-config="true" signature="EndDate()[pri:0, instance:org.ClassParallel.ProjectTestNG@68c9133c]" started-at="2023-03-31T04:58:21Z" name="EndDate" finished-at="2023-03-31T04:58:21Z" duration-ms="0" status="PASS">
          <reporter-output>
          </reporter-output>
        </test-method> <!-- EndDate -->
        <test-method is-config="true" signature="StartDate()[pri:0, instance:org.ClassParallel.ProjectTestNG@68c9133c]" started-at="2023-03-31T04:58:21Z" name="StartDate" finished-at="2023-03-31T04:58:21Z" duration-ms="0" status="PASS">
          <reporter-output>
          </reporter-output>
        </test-method> <!-- StartDate -->
        <test-method is-config="true" signature="EndDate()[pri:0, instance:org.ClassParallel.ProjectTestNG@68c9133c]" started-at="2023-03-31T04:58:24Z" name="EndDate" finished-at="2023-03-31T04:58:24Z" duration-ms="0" status="PASS">
          <reporter-output>
          </reporter-output>
        </test-method> <!-- EndDate -->
        <test-method is-config="true" signature="StartDate()[pri:0, instance:org.ClassParallel.ProjectTestNG@68c9133c]" started-at="2023-03-31T04:58:24Z" name="StartDate" finished-at="2023-03-31T04:58:24Z" duration-ms="0" status="PASS">
          <reporter-output>
          </reporter-output>
        </test-method> <!-- StartDate -->
        <test-method signature="tc1()[pri:0, instance:org.ClassParallel.ProjectTestNG@68c9133c]" started-at="2023-03-31T04:58:24Z" name="tc1" finished-at="2023-03-31T04:58:26Z" duration-ms="1953" status="PASS">
          <reporter-output>
          </reporter-output>
        </test-method> <!-- tc1 -->
        <test-method is-config="true" signature="StartDate()[pri:0, instance:org.ClassParallel.ProjectTestNG@68c9133c]" started-at="2023-03-31T04:58:26Z" name="StartDate" finished-at="2023-03-31T04:58:26Z" duration-ms="0" status="PASS">
          <reporter-output>
          </reporter-output>
        </test-method> <!-- StartDate -->
        <test-method signature="tc3()[pri:0, instance:org.ClassParallel.ProjectTestNG@68c9133c]" started-at="2023-03-31T04:58:26Z" name="tc3" finished-at="2023-03-31T04:58:32Z" duration-ms="5869" status="PASS">
          <reporter-output>
          </reporter-output>
        </test-method> <!-- tc3 -->
        <test-method is-config="true" signature="EndDate()[pri:0, instance:org.ClassParallel.ProjectTestNG@68c9133c]" started-at="2023-03-31T04:58:26Z" name="EndDate" finished-at="2023-03-31T04:58:26Z" duration-ms="0" status="PASS">
          <reporter-output>
          </reporter-output>
        </test-method> <!-- EndDate -->
        <test-method signature="tc5()[pri:0, instance:org.ClassParallel.ProjectTestNG@68c9133c]" started-at="2023-03-31T04:58:32Z" name="tc5" finished-at="2023-03-31T04:58:37Z" duration-ms="5094" status="PASS">
          <reporter-output>
          </reporter-output>
        </test-method> <!-- tc5 -->
        <test-method is-config="true" signature="StartDate()[pri:0, instance:org.ClassParallel.ProjectTestNG@68c9133c]" started-at="2023-03-31T04:58:32Z" name="StartDate" finished-at="2023-03-31T04:58:32Z" duration-ms="0" status="PASS">
          <reporter-output>
          </reporter-output>
        </test-method> <!-- StartDate -->
        <test-method is-config="true" signature="EndDate()[pri:0, instance:org.ClassParallel.ProjectTestNG@68c9133c]" started-at="2023-03-31T04:58:32Z" name="EndDate" finished-at="2023-03-31T04:58:32Z" duration-ms="0" status="PASS">
          <reporter-output>
          </reporter-output>
        </test-method> <!-- EndDate -->
        <test-method is-config="true" signature="EndDate()[pri:0, instance:org.ClassParallel.ProjectTestNG@68c9133c]" started-at="2023-03-31T04:58:37Z" name="EndDate" finished-at="2023-03-31T04:58:37Z" duration-ms="2" status="PASS">
          <reporter-output>
          </reporter-output>
        </test-method> <!-- EndDate -->
        <test-method is-config="true" signature="closeBrowser()[pri:0, instance:org.ClassParallel.ProjectTestNG@68c9133c]" started-at="2023-03-31T04:58:37Z" name="closeBrowser" finished-at="2023-03-31T04:58:37Z" duration-ms="599" status="PASS">
          <reporter-output>
          </reporter-output>
        </test-method> <!-- closeBrowser -->
      </class> <!-- org.ClassParallel.ProjectTestNG -->
    </test> <!-- Test -->
  </suite> <!-- Suite -->
</testng-results>
