<?xml version="1.0" encoding="UTF-8"?>
<!-- Generated by org.testng.reporters.JUnitXMLReporter -->
<testsuite ignored="0" hostname="DileepriyaPC" failures="0" tests="4" name="Default test" time="0.026" errors="0" timestamp="30 Mar 2023 06:17:57 GMT">
  <testcase classname="org.testng.PriorityTestNg" name="tc7" time="0.007"/>
  <testcase classname="org.testng.PriorityTestNg" name="tc5" time="0.001"/>
  <testcase classname="org.testng.PriorityTestNg" name="tc1" time="0.001"/>
  <testcase classname="org.testng.PriorityTestNg" name="tc2" time="0.001"/>
</testsuite> <!-- Default test -->
